Using pre-set license
Built from '2020.3/staging' branch; Version is '2020.3.3f1 (76626098c1c4) revision 7758432'; Using compiler version '192528614'; Build Type 'Release'
OS: 'Windows 10 Home; OS build 19044.1586; Version 2009; 64bit' Language: 'en' Physical Memory: 3976 MB
BatchMode: 1, IsHumanControllingUs: 0, StartBugReporterOnCrash: 0, Is64bit: 1, IsPro: 0

 COMMAND LINE ARGUMENTS:
C:\Program Files\Unity\Hub\Editor\2020.3.3f1\Editor\Unity.exe
-adb2
-batchMode
-noUpm
-name
AssetImportWorker0
-projectPath
C:/Users/georg/Unity/Search And Destroy (SAD)
-logFile
Logs/AssetImportWorker0.log
-srvPort
61361
Successfully changed project path to: C:/Users/georg/Unity/Search And Destroy (SAD)
C:/Users/georg/Unity/Search And Destroy (SAD)
Using Asset Import Pipeline V2.
Refreshing native plugins compatible for Editor in 734.06 ms, found 0 plugins.
Preloading 0 native plugins for Editor in 0.00 ms.
Initialize engine version: 2020.3.3f1 (76626098c1c4)
[Subsystems] Discovering subsystems at path C:/Program Files/Unity/Hub/Editor/2020.3.3f1/Editor/Data/Resources/UnitySubsystems
[Subsystems] Discovering subsystems at path C:/Users/georg/Unity/Search And Destroy (SAD)/Assets
GfxDevice: creating device client; threaded=0
Direct3D:
    Version:  Direct3D 11.0 [level 11.1]
    Renderer: Intel(R) HD Graphics 520 (ID=0x1916)
    Vendor:   
    VRAM:     1988 MB
    Driver:   20.19.15.4454
Initialize mono
Mono path[0] = 'C:/Program Files/Unity/Hub/Editor/2020.3.3f1/Editor/Data/Managed'
Mono path[1] = 'C:/Program Files/Unity/Hub/Editor/2020.3.3f1/Editor/Data/MonoBleedingEdge/lib/mono/unityjit'
Mono config path = 'C:/Program Files/Unity/Hub/Editor/2020.3.3f1/Editor/Data/MonoBleedingEdge/etc'
Using monoOptions --debugger-agent=transport=dt_socket,embedding=1,server=y,suspend=n,address=127.0.0.1:56092
Begin MonoManager ReloadAssembly
Registering precompiled unity dll's ...
Register platform support module: C:/Program Files/Unity/Hub/Editor/2020.3.3f1/Editor/Data/PlaybackEngines/WindowsStandaloneSupport/UnityEditor.WindowsStandalone.Extensions.dll
Registered in 0.008671 seconds.
Native extension for WindowsStandalone target not found
Refreshing native plugins compatible for Editor in 289.87 ms, found 0 plugins.
Preloading 0 native plugins for Editor in 0.00 ms.
Invoked RoslynAnalysisRunner static constructor.
RoslynAnalysisRunner will not be running.
RoslynAnalysisRunner has terminated.
Mono: successfully reloaded assembly
- Completed reload, in  6.981 seconds
Platform modules already initialized, skipping
Registering precompiled user dll's ...
Registered in 0.210019 seconds.
Begin MonoManager ReloadAssembly
Native extension for WindowsStandalone target not found
Refreshing native plugins compatible for Editor in 1.04 ms, found 0 plugins.
Preloading 0 native plugins for Editor in 0.00 ms.
Invoked RoslynAnalysisRunner static constructor.
RoslynAnalysisRunner will not be running.
RoslynAnalysisRunner has terminated.
Mono: successfully reloaded assembly
- Completed reload, in  3.205 seconds
Platform modules already initialized, skipping
========================================================================
Worker process is ready to serve import requests
Launched and connected shader compiler UnityShaderCompiler.exe after 0.17 seconds
Refreshing native plugins compatible for Editor in 4.81 ms, found 0 plugins.
Preloading 0 native plugins for Editor in 0.00 ms.
Unloading 1364 Unused Serialized files (Serialized files now loaded: 0)
System memory in use before: 76.6 MB.
System memory in use after: 76.7 MB.

Unloading 11 unused Assets to reduce memory usage. Loaded Objects now: 1818.
Total: 16.736000 ms (FindLiveObjects: 2.118800 ms CreateObjectMapping: 0.682600 ms MarkObjects: 12.406600 ms  DeleteObjects: 1.516100 ms)

========================================================================
Received Import Request.
  path: Assets/Scenes/SkyIsland.unity
  artifactKey: Guid(c426500b95df8ac4282fbce2c7fc7b65) Importer(815301076,1909f56bfc062723c751e8b465ee728b)
Start importing Assets/Scenes/SkyIsland.unity using Guid(c426500b95df8ac4282fbce2c7fc7b65) Importer(815301076,1909f56bfc062723c751e8b465ee728b)  -> (artifact id: '39abd941e40385a47a0f805e9c5bfb6b') in 0.118553 seconds
  Import took 0.139646 seconds .

========================================================================
Received Import Request.
  Time since last request: 317.154174 seconds.
  path: Assets/Unity Store/AlignedGames/Polygonal Foliage Asset Package/Art/Models/Trees/Tree3
  artifactKey: Guid(6fc7eaae8d1d8ee4c82c9dbf3e91a1c8) Importer(815301076,1909f56bfc062723c751e8b465ee728b)
Start importing Assets/Unity Store/AlignedGames/Polygonal Foliage Asset Package/Art/Models/Trees/Tree3 using Guid(6fc7eaae8d1d8ee4c82c9dbf3e91a1c8) Importer(815301076,1909f56bfc062723c751e8b465ee728b)  -> (artifact id: '145006824e2dc395f375fc071f4024fc') in 0.061754 seconds
  Import took 0.374227 seconds .

========================================================================
Received Import Request.
  Time since last request: 58.318646 seconds.
  path: Assets/Unity Store/Alstrainfinite/Boats-LowPoly/Models/Fisher_Boat.fbx
  artifactKey: Guid(67ba160de4f0b924dbdf3247202d3670) Importer(815301076,1909f56bfc062723c751e8b465ee728b)
Start importing Assets/Unity Store/Alstrainfinite/Boats-LowPoly/Models/Fisher_Boat.fbx using Guid(67ba160de4f0b924dbdf3247202d3670) Importer(815301076,1909f56bfc062723c751e8b465ee728b)  -> (artifact id: '9450884cabdc91ff88eb46b397710f93') in 1.373304 seconds
  Import took 1.381031 seconds .

========================================================================
Received Prepare
Registering precompiled user dll's ...
Registered in 0.044597 seconds.
Begin MonoManager ReloadAssembly
Native extension for WindowsStandalone target not found
Refreshing native plugins compatible for Editor in 6.65 ms, found 0 plugins.
Preloading 0 native plugins for Editor in 0.00 ms.
Invoked RoslynAnalysisRunner static constructor.
RoslynAnalysisRunner will not be running.
RoslynAnalysisRunner has terminated.
Mono: successfully reloaded assembly
- Completed reload, in 18.680 seconds
Platform modules already initialized, skipping
Refreshing native plugins compatible for Editor in 21.74 ms, found 0 plugins.
Preloading 0 native plugins for Editor in 0.00 ms.
Unloading 1334 Unused Serialized files (Serialized files now loaded: 0)
System memory in use before: 77.6 MB.
System memory in use after: 77.7 MB.

Unloading 6 unused Assets to reduce memory usage. Loaded Objects now: 1864.
Total: 1365.794700 ms (FindLiveObjects: 308.307000 ms CreateObjectMapping: 16.020900 ms MarkObjects: 1039.929800 ms  DeleteObjects: 1.520500 ms)

========================================================================
Received Prepare
Registering precompiled user dll's ...
Registered in 0.013273 seconds.
Begin MonoManager ReloadAssembly
Native extension for WindowsStandalone target not found
Refreshing native plugins compatible for Editor in 5.95 ms, found 0 plugins.
Preloading 0 native plugins for Editor in 0.00 ms.
Invoked RoslynAnalysisRunner static constructor.
RoslynAnalysisRunner will not be running.
RoslynAnalysisRunner has terminated.
Mono: successfully reloaded assembly
- Completed reload, in  4.893 seconds
Platform modules already initialized, skipping
Refreshing native plugins compatible for Editor in 1.81 ms, found 0 plugins.
Preloading 0 native plugins for Editor in 0.00 ms.
Unloading 1334 Unused Serialized files (Serialized files now loaded: 0)
System memory in use before: 77.6 MB.
System memory in use after: 77.7 MB.

Unloading 6 unused Assets to reduce memory usage. Loaded Objects now: 1867.
Total: 13.293400 ms (FindLiveObjects: 0.552900 ms CreateObjectMapping: 0.164800 ms MarkObjects: 12.514200 ms  DeleteObjects: 0.056900 ms)

========================================================================
Received Prepare
Registering precompiled user dll's ...
Registered in 0.476856 seconds.
Begin MonoManager ReloadAssembly
Native extension for WindowsStandalone target not found
Refreshing native plugins compatible for Editor in 1.90 ms, found 0 plugins.
Preloading 0 native plugins for Editor in 0.00 ms.
Invoked RoslynAnalysisRunner static constructor.
RoslynAnalysisRunner will not be running.
RoslynAnalysisRunner has terminated.
Mono: successfully reloaded assembly
- Completed reload, in 19.287 seconds
Platform modules already initialized, skipping
Refreshing native plugins compatible for Editor in 1.66 ms, found 0 plugins.
Preloading 0 native plugins for Editor in 0.00 ms.
Unloading 1334 Unused Serialized files (Serialized files now loaded: 0)
System memory in use before: 77.6 MB.
System memory in use after: 77.7 MB.

Unloading 6 unused Assets to reduce memory usage. Loaded Objects now: 1870.
Total: 29.020800 ms (FindLiveObjects: 10.263500 ms CreateObjectMapping: 0.191300 ms MarkObjects: 18.461100 ms  DeleteObjects: 0.100800 ms)

AssetImportWorkerClient::OnTransportError - code=2 error=End of file
